data/opt10001.enc                                               3ae1700b000000002754
data/opt10002.enc                                               1183831b000000000560
data/opt10003.enc                                               dba3b577000000000406
data/opt10004.enc                                               2eea17b2000000000765
data/opt10005.enc                                               374dba9b000000000481
data/opt10006.enc                                               8b3cc56a000000000359
data/opt10007.enc                                               a5def6a9000000001217
data/opt10008.enc                                               824ad6b9000000000424
data/opt10009.enc                                               998562c5000000000342
data/opt10010.enc                                               a6e1d61a000000000432
data/opt10011.enc                                               bd773c66000000000440
data/opt10012.enc                                               f2b3091d000000000939
data/opt10013.enc                                               8dd1749a000000000439
data/opt10014.enc                                               75791532000000000440
data/opt10015.enc                                               23d77464000000000599
data/opt10016.enc                                               0f988a3b000000000498
data/opt10017.enc                                               545ecad7000000000496
data/opt10018.enc                                               7b5b900b000000000462
data/opt10019.enc                                               b0b3a1a5000000000494
data/opt10020.enc                                               127f5c5e000000000442
data/opt10021.enc                                               47dcb6ca000000000456
data/opt10022.enc                                               7ff50cea000000000449
data/opt10023.enc                                               557708d8000000000451
data/opt10024.enc                                               3a6de266000000000416
data/opt10025.enc                                               ccb7be47000000000458
data/opt10026.enc                                               53d3a6a8000000000383
data/opt10027.enc                                               14faa191000000000516
data/opt10028.enc                                               19c751ec000000000504
data/opt10029.enc                                               d2f6980b000000000475
data/opt10030.enc                                               e3269382000000000468
data/opt10031.enc                                               f2cdaf68000000000385
data/opt10032.enc                                               cb1cd584000000000451
data/opt10033.enc                                               bc2aa317000000000462
data/opt10034.enc                                               35cfcea6000000000456
data/opt10035.enc                                               37d262f2000000000456
data/opt10036.enc                                               83b8f1cd000000000464
data/opt10037.enc                                               791be61a000000000487
data/opt10038.enc                                               bf8f7c2f000000000461
data/opt10039.enc                                               3c2f5569000000000439
data/opt10040.enc                                               69d32b06000000000762
data/opt10041.enc                                               ccfcde9a000000000297
data/opt10042.enc                                               5e2be91b000000000407
data/opt10043.enc                                               f2266559000000000485
data/opt10044.enc                                               db0a85ab000000000423
data/opt10045.enc                                               990ac0c7000000000543
data/opt10046.enc                                               a0b18804000000000457
data/opt10047.enc                                               269928dc000000000459
data/opt10048.enc                                               0e411be8000000000358
data/opt10049.enc                                               0b19703d000000000374
data/opt10050.enc                                               fdc34561000000000406
data/opt10051.enc                                               1199df1b000000000539
data/opt10052.enc                                               01ba866c000000000454
data/opt10053.enc                                               03050423000000000365
data/opt10054.enc                                               305299a9000000000585
data/opt10055.enc                                               9ebd78d9000000000389
data/opt10058.enc                                               fe9521cb000000000465
data/opt10059.enc                                               6647a547000000000565
data/opt10060.enc                                               121f113e000000000546
data/opt10061.enc                                               fb06c601000000000505
data/opt10062.enc                                               15c26e22000000000522
data/opt10063.enc                                               391767d8000000000493
data/opt10064.enc                                               4d1633e5000000000434
data/opt10065.enc                                               171fffb2000000000353
data/opt10066.enc                                               5069aea1000000000548
data/opt10067.enc                                               8e524544000000000373
data/opt10068.enc                                               646d05a5000000000384
data/opt10069.enc                                               3c389888000000000473
data/opt10070.enc                                               a2aec904000000000658
data/opt10071.enc                                               a3588be3000000000388
data/opt10072.enc                                               d90ba92d000000000505
data/opt10073.enc                                               a3867605000000000499
data/opt10074.enc                                               7b858e15000000000423
data/opt10075.enc                                               a9f74631000000000607
data/opt10076.enc                                               19205d70000000000499
data/opt10077.enc                                               10bfdf10000000000433
data/opt10078.enc                                               67dc7943000000000432
data/opt10079.enc                                               4af5ff9a000000000488
data/opt10080.enc                                               673bf7a9000000000481
data/opt10081.enc                                               2216e77b000000000488
data/opt10082.enc                                               24597bbe000000000499
data/opt10083.enc                                               e012e8fd000000000500
data/opt10084.enc                                               a3cbcd1c000000000462
data/opt10085.enc                                               a6843b15000000000501
data/opt10086.enc                                               5b5a63b9000000000575
data/opt10087.enc                                               10a29e53000000000733
data/opt10094.enc                                               0601504c000000000499
data/opt20001.enc                                               55f2c9fa000000000550
data/opt20002.enc                                               5d3f684e000000000418
data/opt20003.enc                                               45a23628000000000442
data/opt20004.enc                                               be99fb9e000000000412
data/opt20005.enc                                               83b8c83d000000000416
data/opt20006.enc                                               acfb3b7a000000000427
data/opt20007.enc                                               684177c2000000000426
data/opt20008.enc                                               c86f4996000000000426
data/opt20009.enc                                               4cfe986b000000000551
data/opt20019.enc                                               44aa279a000000000426
data/opt20068.enc                                               09ad2443000000000394
data/opt30001.enc                                               b0dfe7e1000000000516
data/opt30002.enc                                               c491ac34000000000433
data/opt30003.enc                                               cd4ddf11000000000390
data/opt30004.enc                                               99d874c0000000000485
data/opt30005.enc                                               1bc4538a000000000820
data/opt30006.enc                                               761b9ae8000000001150
data/opt30007.enc                                               2c48905f000000000756
data/opt30008.enc                                               aa368053000000000388
data/opt30009.enc                                               1bf264c2000000000439
data/opt30010.enc                                               7efe3001000000000454
data/opt30011.enc                                               d1c00e78000000000357
data/opt30012.enc                                               269623f8000000001077
data/opt40001.enc                                               ac179fe9000000000345
data/opt40002.enc                                               eb05090f000000000305
data/opt40003.enc                                               f82bd73d000000000443
data/opt40004.enc                                               a5f1bbc8000000000517
data/opt40005.enc                                               098e921b000000000440
data/opt40006.enc                                               b9a00411000000000510
data/opt40007.enc                                               264f246d000000000438
data/opt40008.enc                                               f68c8994000000000432
data/opt40009.enc                                               4cc393f8000000000451
data/opt40010.enc                                               a449ee75000000000334
data/opt50001.enc                                               ae63812c000000001316
data/opt50002.enc                                               906483ed000000000511
data/opt50003.enc                                               eca11a85000000000520
data/opt50004.enc                                               d15e5334000000000296
data/opt50005.enc                                               45ee8910000000000316
data/opt50006.enc                                               09161871000000000431
data/opt50007.enc                                               13aab0e8000000000607
data/opt50008.enc                                               f0b89e8b000000000350
data/opt50009.enc                                               21f105b7000000000367
data/opt50010.enc                                               00d115f2000000000432
data/opt50011.enc                                               2dd6c792000000000404
data/opt50012.enc                                               32326d04000000000305
data/opt50013.enc                                               b24f681f000000000321
data/opt50014.enc                                               8e4dcf9e000000000479
data/opt50015.enc                                               eccbd73e000000000458
data/opt50016.enc                                               1348af24000000000435
data/opt50017.enc                                               dabcd3bb000000000373
data/opt50018.enc                                               321a5927000000000305
data/opt50019.enc                                               09497ee1000000000549
data/opt50020.enc                                               1ae3dbb0000000000870
data/opt50021.enc                                               dff4a3ca000000000675
data/opt50022.enc                                               d8e7be94000000000674
data/opt50023.enc                                               4ce03ebe000000000704
data/opt50024.enc                                               18b8e7a4000000000442
data/opt50025.enc                                               2bb5523e000000000433
data/opt50026.enc                                               ee28741c000000000454
data/opt50027.enc                                               af8f0e86000000000772
data/opt50028.enc                                               1fd56c08000000000398
data/opt50029.enc                                               83682625000000000390
data/opt50030.enc                                               ea738207000000000385
data/opt50031.enc                                               3f12737c000000000455
data/opt50032.enc                                               b6a2de5c000000000399
data/opt50033.enc                                               71d42221000000000455
data/opt50034.enc                                               2331b1f6000000000295
data/opt50035.enc                                               72e0df15000000000423
data/opt50036.enc                                               71d845ef000000000363
data/opt50037.enc                                               2d24d1a2000000000290
data/opt50038.enc                                               e788158f000000000539
data/opt50039.enc                                               dc9468b0000000000751
data/opt50040.enc                                               323689f3000000000525
data/opt50043.enc                                               c43ef968000000000382
data/opt50044.enc                                               dd859c0f000000000546
data/opt50062.enc                                               37832abb000000000458
data/opt50063.enc                                               4239515d000000000459
data/opt50064.enc                                               5a832284000000000456
data/opt50065.enc                                               f808b117000000000296
data/opt50066.enc                                               a074fe89000000000398
data/opt50067.enc                                               95abd300000000000359
data/opt50068.enc                                               99477b06000000000356
data/opt50071.enc                                               a4c44c96000000000356
data/opt50072.enc                                               0b49a7cc000000000356
data/opt50073.enc                                               57b97a8c000000000356
data/opt90001.enc                                               f2dca56b000000000423
data/opt90002.enc                                               16482f87000000000463
data/opt90003.enc                                               934d6b73000000000452
data/opt90004.enc                                               c4a048eb000000000496
data/opt90005.enc                                               b67b1fd4000000000520
data/opt90006.enc                                               1bce49ce000000000355
data/opt90007.enc                                               4d298254000000000425
data/opt90008.enc                                               2a3aae46000000000543
data/opt90009.enc                                               efdde310000000000469
data/opt90010.enc                                               c93f6ba2000000000675
data/opt90011.enc                                               32fc8c6a000000000662
data/opt90012.enc                                               04d50c03000000000366
data/opt90013.enc                                               33c8b28f000000000541
data/opt99999.enc                                               2bd250fd000000000369
data/optfofid.enc                                               b5aa7817000000000618
data/optkwfid.enc                                               119ab5bd000000000923
data/optkwinv.enc                                               18452d97000000000338
data/optkwpro.enc                                               f614d6ab000000000454
data/opw00001.enc                                               bdb5b040000000001205
data/opw00002.enc                                               7811757e000000000443
data/opw00003.enc                                               1edf0667000000000304
data/opw00004.enc                                               00ae5fd2000000000687
data/opw00005.enc                                               60600a7b000000000759
data/opw00006.enc                                               c95f63bd000000000490
data/opw00007.enc                                               af4b0400000000000595
data/opw00008.enc                                               c18b6514000000000564
data/opw00009.enc                                               bd0c1389000000000635
data/opw00010.enc                                               5d5b855c000000000634
data/opw00011.enc                                               214d6ad3000000000613
data/opw00012.enc                                               1039d581000000000559
data/opw00013.enc                                               1434de58000000000704
data/opw00014.enc                                               6ef4458a000000000294
data/opw00015.enc                                               22874d39000000000969
data/opw00016.enc                                               3e54f01e000000000733
data/opw00017.enc                                               b50b2815000000000578
data/opw00018.enc                                               fa2eb689000000000669
data/opw20001.enc                                               8783a42a000000000446
data/opw20002.enc                                               f25eb40d000000000741
data/opw20003.enc                                               65bf26d3000000000557
data/opw20004.enc                                               951912f8000000000562
data/opw20005.enc                                               cc7c1897000000000567
data/opw20006.enc                                               2d68f877000000000592
data/opw20007.enc                                               8a3975f7000000000484
data/opw20008.enc                                               6ecf02b9000000000631
data/opw20009.enc                                               7adf8d7f000000000540
data/opw20010.enc                                               2e4511ab000000000585
data/opw20011.enc                                               0e82b39a000000000725
data/opw20012.enc                                               83c66bd2000000000795
data/opw20013.enc                                               eb29df84000000000388
data/opw20014.enc                                               7c316b0e000000000764
data/opw20015.enc                                               b1d14ff1000000000450
data/opw20016.enc                                               23017b3a000000000447
data/opw20017.enc                                               4d96ad20000000000280
koa_devguide.xml                                                fd0b1adf000000086586
koascreentrmap.ini                                              32f987a8000000025402
koatrinputlegend.ini                                            cc19381f000000051427
newabsolutedown.ini                                             5c6f0df8000000000037
